<?xml version="1.0" encoding="UTF-8"?>
<!-- Generated by org.testng.reporters.JUnitReportReporter -->
<testsuite skipped="0" hostname="MHO-IT-DPI" name="testcase.LoginGit" tests="1" failures="0" timestamp="2020-06-30T22:02:20 ICT" time="10.457" errors="0">
  <testcase name="loginAsUser" time="10.457" classname="testcase.LoginGit"/>
</testsuite> <!-- testcase.LoginGit -->
